[0m11:51:00.347905 [debug] [MainThread]: Sending event: {'category': 'dbt', 'action': 'invocation', 'label': 'start', 'context': [<snowplow_tracker.self_describing_json.SelfDescribingJson object at 0x0000023FB0505410>, <snowplow_tracker.self_describing_json.SelfDescribingJson object at 0x0000023FB043B450>, <snowplow_tracker.self_describing_json.SelfDescribingJson object at 0x0000023FB02C1A90>]}


============================== 11:51:00.364984 | d341482a-91bc-47a7-9210-216184dc04b1 ==============================
[0m11:51:00.364984 [info ] [MainThread]: Running with dbt=1.10.11
[0m11:51:00.364984 [debug] [MainThread]: running dbt with arguments {'partial_parse': 'True', 'write_json': 'True', 'send_anonymous_usage_stats': 'True', 'use_colors': 'True', 'cache_selected_only': 'False', 'target_path': 'None', 'warn_error': 'None', 'invocation_command': 'dbt init meu_projeto_dbt', 'log_format': 'default', 'version_check': 'True', 'introspect': 'True', 'debug': 'False', 'log_cache_events': 'False', 'fail_fast': 'False', 'no_print': 'None', 'use_experimental_parser': 'False', 'quiet': 'False', 'empty': 'None', 'printer_width': '80', 'indirect_selection': 'eager', 'log_path': 'logs', 'profiles_dir': 'C:\\Users\\ricar\\.dbt', 'warn_error_options': 'WarnErrorOptionsV2(error=[], warn=[], silence=[])', 'static_parser': 'True'}
[0m11:51:00.495392 [debug] [MainThread]: Starter project path: C:\Users\ricar\AppData\Local\Programs\Python\Python311\Lib\site-packages\dbt\include\starter_project
[0m11:51:00.726194 [info ] [MainThread]: 
Your new dbt project "meu_projeto_dbt" was created!

For more information on how to configure the profiles.yml file,
please consult the dbt documentation here:

  https://docs.getdbt.com/docs/configure-your-profile

One more thing:

Need help? Don't hesitate to reach out to us via GitHub issues or on Slack:

  https://community.getdbt.com/

Happy modeling!

[0m11:51:00.726194 [info ] [MainThread]: Setting up your profile.
[0m11:52:24.938758 [info ] [MainThread]: Profile meu_projeto_dbt written to C:\Users\ricar\.dbt\profiles.yml using target's profile_template.yml and your supplied values. Run 'dbt debug' to validate the connection.
[0m11:52:24.954024 [debug] [MainThread]: Command `dbt init` succeeded at 11:52:24.954024 after 85.09 seconds
[0m11:52:24.957091 [debug] [MainThread]: Sending event: {'category': 'dbt', 'action': 'invocation', 'label': 'end', 'context': [<snowplow_tracker.self_describing_json.SelfDescribingJson object at 0x0000023FA994CF50>, <snowplow_tracker.self_describing_json.SelfDescribingJson object at 0x0000023FB055ED90>, <snowplow_tracker.self_describing_json.SelfDescribingJson object at 0x0000023FB055EA50>]}
[0m11:52:24.960205 [debug] [MainThread]: Flushing usage events
[0m11:52:26.671768 [debug] [MainThread]: An error was encountered while trying to flush usage events
